<?xml version="1.0" encoding="UTF-8"?>
<testsuite xmlns:xsi="http://www.w3.org/2001/XMLSchema-instance" xsi:noNamespaceSchemaLocation="https://maven.apache.org/surefire/maven-surefire-plugin/xsd/surefire-test-report-3.0.xsd" version="3.0" name="com.example.cover.CoverImageHandlerTest" time="0.023" tests="2" errors="0" skipped="0" failures="0">
  <properties>
[...]
</properties>
  <testcase name="parseBookId_fromCanonicalKey" classname="com.example.cover.CoverImageHandlerTest" time="0.013">
    <system-err><![CDATA[SLF4J(W): Class path contains multiple SLF4J providers.
SLF4J(W): Found provider [org.slf4j.simple.SimpleServiceProvider@16d04d3d]
SLF4J(W): Found provider [ch.qos.logback.classic.spi.LogbackServiceProvider@49ec71f8]
SLF4J(W): See https://www.slf4j.org/codes.html#multiple_bindings for an explanation.
SLF4J(I): Actual provider is of type [org.slf4j.simple.SimpleServiceProvider@16d04d3d]
]]></system-err>
  </testcase>
  <testcase name="parseBookId_rejectsUnexpectedKeys" classname="com.example.cover.CoverImageHandlerTest" time="0.0"/>
</testsuite>